2023-09-11 12:33:53 [main] INFO  com.mystite.blog.BlogApplication - Starting BlogApplication using Java 19 with PID 2528 (C:\Users\balae\IdeaProjects\WebApps\blog\target\classes started by balae in C:\Users\balae\IdeaProjects\WebApps\blog)
2023-09-11 12:33:53 [main] INFO  com.mystite.blog.BlogApplication - No active profile set, falling back to 1 default profile: "default"
2023-09-11 12:33:53 [main] INFO  o.s.d.r.c.RepositoryConfigurationDelegate - Bootstrapping Spring Data JPA repositories in DEFAULT mode.
2023-09-11 12:33:54 [main] INFO  o.s.d.r.c.RepositoryConfigurationDelegate - Finished Spring Data repository scanning in 56 ms. Found 1 JPA repository interfaces.
2023-09-11 12:33:54 [main] INFO  o.s.b.w.e.tomcat.TomcatWebServer - Tomcat initialized with port(s): 8080 (http)
2023-09-11 12:33:54 [main] INFO  o.a.coyote.http11.Http11NioProtocol - Initializing ProtocolHandler ["http-nio-8080"]
2023-09-11 12:33:54 [main] INFO  o.a.catalina.core.StandardService - Starting service [Tomcat]
2023-09-11 12:33:54 [main] INFO  o.a.catalina.core.StandardEngine - Starting Servlet engine: [Apache Tomcat/10.1.12]
2023-09-11 12:33:54 [main] INFO  o.a.c.c.C.[Tomcat].[localhost].[/] - Initializing Spring embedded WebApplicationContext
2023-09-11 12:33:54 [main] INFO  o.s.b.w.s.c.ServletWebServerApplicationContext - Root WebApplicationContext: initialization completed in 1419 ms
2023-09-11 12:33:54 [main] INFO  o.h.jpa.internal.util.LogHelper - HHH000204: Processing PersistenceUnitInfo [name: default]
2023-09-11 12:33:54 [main] INFO  org.hibernate.Version - HHH000412: Hibernate ORM core version 6.2.7.Final
2023-09-11 12:33:54 [main] INFO  org.hibernate.cfg.Environment - HHH000406: Using bytecode reflection optimizer
2023-09-11 12:33:55 [main] INFO  o.h.b.i.BytecodeProviderInitiator - HHH000021: Bytecode provider name : bytebuddy
2023-09-11 12:33:55 [main] INFO  o.s.o.j.p.SpringPersistenceUnitInfo - No LoadTimeWeaver setup: ignoring JPA class transformer
2023-09-11 12:33:55 [main] INFO  com.zaxxer.hikari.HikariDataSource - HikariPool-1 - Starting...
2023-09-11 12:33:55 [main] INFO  com.zaxxer.hikari.pool.HikariPool - HikariPool-1 - Added connection com.mysql.cj.jdbc.ConnectionImpl@78eafad
2023-09-11 12:33:55 [main] INFO  com.zaxxer.hikari.HikariDataSource - HikariPool-1 - Start completed.
2023-09-11 12:33:55 [main] INFO  o.h.b.i.BytecodeProviderInitiator - HHH000021: Bytecode provider name : bytebuddy
2023-09-11 12:33:56 [main] INFO  o.h.e.t.j.p.i.JtaPlatformInitiator - HHH000490: Using JtaPlatform implementation: [org.hibernate.engine.transaction.jta.platform.internal.NoJtaPlatform]
2023-09-11 12:33:56 [main] INFO  o.s.o.j.LocalContainerEntityManagerFactoryBean - Initialized JPA EntityManagerFactory for persistence unit 'default'
2023-09-11 12:33:56 [main] WARN  o.s.b.a.o.j.JpaBaseConfiguration$JpaWebConfiguration - spring.jpa.open-in-view is enabled by default. Therefore, database queries may be performed during view rendering. Explicitly configure spring.jpa.open-in-view to disable this warning
2023-09-11 12:33:56 [main] WARN  o.s.security.core.userdetails.User - User.withDefaultPasswordEncoder() is considered unsafe for production and is only intended for sample applications.
2023-09-11 12:33:56 [main] INFO  o.s.b.a.w.s.WelcomePageHandlerMapping - Adding welcome page template: index
2023-09-11 12:33:56 [main] INFO  o.s.s.web.DefaultSecurityFilterChain - Will secure any request with [org.springframework.security.web.session.DisableEncodeUrlFilter@7e5e7753, org.springframework.security.web.context.request.async.WebAsyncManagerIntegrationFilter@11678469, org.springframework.security.web.context.SecurityContextHolderFilter@41831611, org.springframework.security.web.header.HeaderWriterFilter@7c919e1e, org.springframework.security.web.csrf.CsrfFilter@7657d29f, org.springframework.security.web.authentication.logout.LogoutFilter@9ba167e, org.springframework.security.web.authentication.UsernamePasswordAuthenticationFilter@3c981f76, org.springframework.security.web.savedrequest.RequestCacheAwareFilter@5749e633, org.springframework.security.web.servletapi.SecurityContextHolderAwareRequestFilter@5570ee6d, org.springframework.security.web.authentication.AnonymousAuthenticationFilter@395115ac, org.springframework.security.web.access.ExceptionTranslationFilter@2e27325d, org.springframework.security.web.access.intercept.AuthorizationFilter@5cff6d1d]
2023-09-11 12:33:57 [main] INFO  o.a.coyote.http11.Http11NioProtocol - Starting ProtocolHandler ["http-nio-8080"]
2023-09-11 12:33:57 [main] INFO  o.s.b.w.e.tomcat.TomcatWebServer - Tomcat started on port(s): 8080 (http) with context path ''
2023-09-11 12:33:57 [main] INFO  com.mystite.blog.BlogApplication - Started BlogApplication in 4.341 seconds (process running for 4.737)
2023-09-11 12:34:15 [http-nio-8080-exec-1] INFO  o.a.c.c.C.[Tomcat].[localhost].[/] - Initializing Spring DispatcherServlet 'dispatcherServlet'
2023-09-11 12:34:15 [http-nio-8080-exec-1] INFO  o.s.web.servlet.DispatcherServlet - Initializing Servlet 'dispatcherServlet'
2023-09-11 12:34:15 [http-nio-8080-exec-1] INFO  o.s.web.servlet.DispatcherServlet - Completed initialization in 1 ms
2023-09-11 12:35:04 [SpringApplicationShutdownHook] INFO  o.s.o.j.LocalContainerEntityManagerFactoryBean - Closing JPA EntityManagerFactory for persistence unit 'default'
2023-09-11 12:35:04 [SpringApplicationShutdownHook] INFO  com.zaxxer.hikari.HikariDataSource - HikariPool-1 - Shutdown initiated...
2023-09-11 12:35:04 [SpringApplicationShutdownHook] INFO  com.zaxxer.hikari.HikariDataSource - HikariPool-1 - Shutdown completed.
